
::::::::::::::::::::::::::::::::::::::::::::::::::::::::::::::::::::::
  Multi-core Markov-chain Monte Carlo (mc3).
  Version 3.1.3.
  Copyright (c) 2015-2024 Patricio Cubillos and collaborators.
  mc3 is open-source software under the MIT license (see LICENSE).
::::::::::::::::::::::::::::::::::::::::::::::::::::::::::::::::::::::

Least-squares best-fitting parameters:
  [ 1.10404703e+00 -1.05049335e+00  9.37626609e-01 -9.34063626e-02
  3.00000000e-01  1.42799222e+03  2.88533201e+01  1.09429137e-01
  1.51747427e+03  3.56110384e+01  1.06864326e-01  6.58349188e-01
  1.12132094e-01  4.47459570e-02 -3.10092217e-04  1.23382530e+00]

Start MCMC chains  (Mon Feb 26 23:13:55 2024)

[:         ]  10.0% completed  (Mon Feb 26 23:13:58 2024)
Out-of-bound Trials:
[    0     0     0     0 12548     0     0    15     0    28    26     0
     0     0     0     0]
Best Parameters: (chisq=367.7173)
[ 1.10404703e+00 -1.05049335e+00  9.37626609e-01 -9.34063626e-02
  3.00000000e-01  1.42799222e+03  2.88533201e+01  1.09429137e-01
  1.51747427e+03  3.56110384e+01  1.06864326e-01  6.58349188e-01
  1.12132094e-01  4.47459570e-02 -3.10092217e-04  1.23382530e+00]

[::        ]  20.0% completed  (Mon Feb 26 23:14:00 2024)
Out-of-bound Trials:
[    0    17     0     2 21871     0     7    17     0  1616    33     0
     0     0     0     0]
Best Parameters: (chisq=367.7173)
[ 1.10404703e+00 -1.05049335e+00  9.37626609e-01 -9.34063626e-02
  3.00000000e-01  1.42799222e+03  2.88533201e+01  1.09429137e-01
  1.51747427e+03  3.56110384e+01  1.06864326e-01  6.58349188e-01
  1.12132094e-01  4.47459570e-02 -3.10092217e-04  1.23382530e+00]

[:::       ]  30.0% completed  (Mon Feb 26 23:14:03 2024)
Out-of-bound Trials:
[    0    84     0    17 30998     0    30    19     0  4295    36     0
     0     0     0     0]
Best Parameters: (chisq=367.7173)
[ 1.10404703e+00 -1.05049335e+00  9.37626609e-01 -9.34063626e-02
  3.00000000e-01  1.42799222e+03  2.88533201e+01  1.09429137e-01
  1.51747427e+03  3.56110384e+01  1.06864326e-01  6.58349188e-01
  1.12132094e-01  4.47459570e-02 -3.10092217e-04  1.23382530e+00]
Gelman-Rubin statistics for free parameters:
[1.02062473 1.0218914  1.01118612 1.02429868 1.01665364 1.02043213
 1.03171651 1.00948773 1.02225562 1.01517295 1.0130768  1.00129114
 1.01264427 1.01462605 1.02144802 1.02168841]

[::::      ]  40.0% completed  (Mon Feb 26 23:14:06 2024)
Out-of-bound Trials:
[    0   153     0    34 41597     0    59    19     0  7236    40     0
     0     0     0     0]
Best Parameters: (chisq=367.7173)
[ 1.10404703e+00 -1.05049335e+00  9.37626609e-01 -9.34063626e-02
  3.00000000e-01  1.42799222e+03  2.88533201e+01  1.09429137e-01
  1.51747427e+03  3.56110384e+01  1.06864326e-01  6.58349188e-01
  1.12132094e-01  4.47459570e-02 -3.10092217e-04  1.23382530e+00]
Gelman-Rubin statistics for free parameters:
[1.00314703 1.00333475 1.00177094 1.0026649  1.00250092 1.00331417
 1.00674926 1.00281222 1.00402321 1.00282594 1.00160261 1.00187803
 1.00467392 1.00192639 1.00316731 1.00305075]
All parameters converged to within 1% of unity.

[:::::     ]  50.0% completed  (Mon Feb 26 23:14:09 2024)
Out-of-bound Trials:
[    0   257     0    56 53558     2    99    21     0 10479    45     0
     0     0     0     0]
Best Parameters: (chisq=367.7173)
[ 1.10404703e+00 -1.05049335e+00  9.37626609e-01 -9.34063626e-02
  3.00000000e-01  1.42799222e+03  2.88533201e+01  1.09429137e-01
  1.51747427e+03  3.56110384e+01  1.06864326e-01  6.58349188e-01
  1.12132094e-01  4.47459570e-02 -3.10092217e-04  1.23382530e+00]
Gelman-Rubin statistics for free parameters:
[1.00099324 1.00107973 1.00141163 1.00065892 1.00163725 1.00162191
 1.00480284 1.00176308 1.00162651 1.00186493 1.00142173 1.00160345
 1.00290009 1.0015159  1.00099683 1.00094657]
All parameters converged to within 1% of unity.

[::::::    ]  60.0% completed  (Mon Feb 26 23:14:12 2024)
Out-of-bound Trials:
[    0   360     0    87 66036    10   160    23     1 13977    46     0
     0     0     0     0]
Best Parameters: (chisq=367.7173)
[ 1.10404703e+00 -1.05049335e+00  9.37626609e-01 -9.34063626e-02
  3.00000000e-01  1.42799222e+03  2.88533201e+01  1.09429137e-01
  1.51747427e+03  3.56110384e+01  1.06864326e-01  6.58349188e-01
  1.12132094e-01  4.47459570e-02 -3.10092217e-04  1.23382530e+00]
Gelman-Rubin statistics for free parameters:
[1.00081408 1.00093558 1.00064732 1.00060529 1.0015677  1.00078646
 1.0034406  1.00130847 1.00133346 1.00211987 1.00076428 1.0011728
 1.00101474 1.00118053 1.00085404 1.00085925]
All parameters converged to within 1% of unity.

All parameters satisfy the GR convergence threshold of 1.01, stopping
the MCMC.

MCMC Summary:
-------------
  Number of evaluated samples:        606345
  Number of parallel chains:               9
  Average iterations per chain:        67371
  Burned-in iterations per chain:      20000
  Thinning factor:                         5
  MCMC sample size (thinned, burned):  85269
  Acceptance rate:   22.52%

Parameter name     best fit   median      1sigma_low   1sigma_hi        S/N
--------------- -----------  -----------------------------------  ---------
B_mean           1.1040e+00   1.1315e+00 -3.3148e-02  3.9604e-02       29.4
B_PC1           -1.0505e+00  -7.6892e-01 -3.5885e-01  4.1934e-01        2.6
B_PC2            9.3763e-01   9.3449e-01 -1.9754e-02  1.9845e-02       47.4
B_PC3           -9.3406e-02  -5.9083e-02 -5.6778e-02  6.2597e-02        1.5
B_PC4            3.0000e-01   2.7946e-01 -2.8316e-02  1.5065e-02       13.0
G1430_peak       1.4280e+03   1.4280e+03 -1.4031e+00  1.4651e+00     1006.1
G1430_std        2.8853e+01   2.8852e+01 -1.1451e+00  1.2263e+00       23.9
G1430_amp        1.0943e-01   1.0868e-01 -4.0711e-03  4.0112e-03       27.4
G1515_peak       1.5175e+03   1.5176e+03 -1.5339e+00  1.4976e+00      999.5
G1515_std        3.5611e+01   3.5813e+01 -1.9839e+00  2.1114e+00       18.3
G1515_amp        1.0686e-01   1.0678e-01 -3.7004e-03  3.6176e-03       29.5
H1635_mean       6.5835e-01   6.5855e-01 -3.0640e-03  3.0457e-03      214.1
H1635_PC1        1.1213e-01   1.0987e-01 -1.6370e-02  1.6183e-02        6.9
H1635_PC2        4.4746e-02   4.4314e-02 -2.1486e-02  2.0034e-02        2.2
m               -3.1009e-04  -2.6197e-04 -6.0886e-05  7.0634e-05        4.6
b                1.2338e+00   1.2196e+00 -2.2209e-02  1.9452e-02       57.9

  Best-parameter's chi-squared:       366.4053
  Best-parameter's -2*log(posterior): 367.7173
  Bayesian Information Criterion:     468.6492
  Reduced chi-squared:                  0.6317
  Standard deviation of residuals:  0.00784075

For a detailed summary with all parameter posterior statistics see
/Users/sarahshi/Documents/GitHub/PyIRoGlass/docs/examples/transmission_ftir/NPZTXTFILES/RESULTS/AC4_OL49_021920_30x30_H2O_a_statistics.txt

Output sampler files:
  /Users/sarahshi/Documents/GitHub/PyIRoGlass/docs/examples/transmission_ftir/NPZTXTFILES/RESULTS/AC4_OL49_021920_30x30_H2O_a_statistics.txt
  /Users/sarahshi/Documents/GitHub/PyIRoGlass/docs/examples/transmission_ftir/NPZTXTFILES/RESULTS/AC4_OL49_021920_30x30_H2O_a.npz
  /Users/sarahshi/Documents/GitHub/PyIRoGlass/docs/examples/transmission_ftir/LOGFILES/RESULTS/AC4_OL49_021920_30x30_H2O_a.log
