
::::::::::::::::::::::::::::::::::::::::::::::::::::::::::::::::::::::
  Multi-core Markov-chain Monte Carlo (mc3).
  Version 3.1.3.
  Copyright (c) 2015-2024 Patricio Cubillos and collaborators.
  mc3 is open-source software under the MIT license (see LICENSE).
::::::::::::::::::::::::::::::::::::::::::::::::::::::::::::::::::::::

Least-squares best-fitting parameters:
  [ 5.11735256e-01 -2.96327857e+00  2.75707713e-01 -5.06637020e-01
  2.26248969e-01  1.42725865e+03  3.43512089e+01  5.02432185e-02
  1.51923346e+03  3.24143047e+01  5.30599429e-02  2.99675070e-01
 -5.25464625e-02  4.67980624e-02 -4.44873187e-04  7.21255294e-01]

Start MCMC chains  (Mon Feb 26 23:14:40 2024)

[:         ]  10.0% completed  (Mon Feb 26 23:14:43 2024)
Out-of-bound Trials:
[  0 684   0 365  56   3   0 153   0   0 310   1   0   0   0   0]
Best Parameters: (chisq=49.7843)
[ 5.11735256e-01 -2.96327857e+00  2.75707713e-01 -5.06637020e-01
  2.26248969e-01  1.42725865e+03  3.43512089e+01  5.02432185e-02
  1.51923346e+03  3.24143047e+01  5.30599429e-02  2.99675070e-01
 -5.25464625e-02  4.67980624e-02 -4.44873187e-04  7.21255294e-01]

[::        ]  20.0% completed  (Mon Feb 26 23:14:46 2024)
Out-of-bound Trials:
[   0 3415    0  538  408  110 1741  167   19  454  330    1    0    0
    0    0]
Best Parameters: (chisq=49.7843)
[ 5.11735256e-01 -2.96327857e+00  2.75707713e-01 -5.06637020e-01
  2.26248969e-01  1.42725865e+03  3.43512089e+01  5.02432185e-02
  1.51923346e+03  3.24143047e+01  5.30599429e-02  2.99675070e-01
 -5.25464625e-02  4.67980624e-02 -4.44873187e-04  7.21255294e-01]

[:::       ]  30.0% completed  (Mon Feb 26 23:14:49 2024)
Out-of-bound Trials:
[   1 9583    0 1010  988  283 4465  189   65 1983  352    1    0    0
    0    0]
Best Parameters: (chisq=49.7843)
[ 5.11735256e-01 -2.96327857e+00  2.75707713e-01 -5.06637020e-01
  2.26248969e-01  1.42725865e+03  3.43512089e+01  5.02432185e-02
  1.51923346e+03  3.24143047e+01  5.30599429e-02  2.99675070e-01
 -5.25464625e-02  4.67980624e-02 -4.44873187e-04  7.21255294e-01]
Gelman-Rubin statistics for free parameters:
[1.02928223 1.03071892 1.01448673 1.02598308 1.03142111 1.02938708
 1.02736575 1.00978416 1.00690636 1.04512215 1.00678422 1.0062059
 1.00912016 1.01423794 1.02874914 1.02870481]

[::::      ]  40.0% completed  (Mon Feb 26 23:14:51 2024)
Out-of-bound Trials:
[    3 17775     0  1583  1789   506  8103   201   101  3931   371     1
     0     0     0     0]
Best Parameters: (chisq=49.7843)
[ 5.11735256e-01 -2.96327857e+00  2.75707713e-01 -5.06637020e-01
  2.26248969e-01  1.42725865e+03  3.43512089e+01  5.02432185e-02
  1.51923346e+03  3.24143047e+01  5.30599429e-02  2.99675070e-01
 -5.25464625e-02  4.67980624e-02 -4.44873187e-04  7.21255294e-01]
Gelman-Rubin statistics for free parameters:
[1.00454862 1.00450433 1.00359418 1.00419232 1.00347071 1.00388642
 1.00744758 1.00205548 1.00299493 1.00610695 1.00302915 1.00350184
 1.00401459 1.00278431 1.0045196  1.00448065]
All parameters converged to within 1% of unity.

[:::::     ]  50.0% completed  (Mon Feb 26 23:14:55 2024)
Out-of-bound Trials:
[   10 27095     0  2210  2667   691 11977   214   140  5740   381     1
     0     0     0     0]
Best Parameters: (chisq=49.7843)
[ 5.11735256e-01 -2.96327857e+00  2.75707713e-01 -5.06637020e-01
  2.26248969e-01  1.42725865e+03  3.43512089e+01  5.02432185e-02
  1.51923346e+03  3.24143047e+01  5.30599429e-02  2.99675070e-01
 -5.25464625e-02  4.67980624e-02 -4.44873187e-04  7.21255294e-01]
Gelman-Rubin statistics for free parameters:
[1.00188916 1.00189079 1.00352467 1.00224786 1.00201096 1.00257685
 1.00409627 1.00040005 1.0006055  1.0017267  1.00188552 1.00221275
 1.00273694 1.00191109 1.00177543 1.00177611]
All parameters converged to within 1% of unity.

[::::::    ]  60.0% completed  (Mon Feb 26 23:14:58 2024)
Out-of-bound Trials:
[   14 36579     0  2908  3492   910 15808   229   180  7935   390     1
     0     0     0     0]
Best Parameters: (chisq=49.7843)
[ 5.11735256e-01 -2.96327857e+00  2.75707713e-01 -5.06637020e-01
  2.26248969e-01  1.42725865e+03  3.43512089e+01  5.02432185e-02
  1.51923346e+03  3.24143047e+01  5.30599429e-02  2.99675070e-01
 -5.25464625e-02  4.67980624e-02 -4.44873187e-04  7.21255294e-01]
Gelman-Rubin statistics for free parameters:
[1.00049477 1.00056065 1.00193161 1.00085597 1.00106705 1.00238148
 1.00314648 1.00047687 1.00119339 1.0012313  1.00131779 1.00159107
 1.00128514 1.00072435 1.00048802 1.00054948]
All parameters converged to within 1% of unity.

All parameters satisfy the GR convergence threshold of 1.01, stopping
the MCMC.

MCMC Summary:
-------------
  Number of evaluated samples:        606795
  Number of parallel chains:               9
  Average iterations per chain:        67421
  Burned-in iterations per chain:      20000
  Thinning factor:                         5
  MCMC sample size (thinned, burned):  85359
  Acceptance rate:   23.97%

Parameter name     best fit   median      1sigma_low   1sigma_hi        S/N
--------------- -----------  -----------------------------------  ---------
B_mean           5.1174e-01   5.5583e-01 -3.3859e-02  5.3519e-02       11.7
B_PC1           -2.9633e+00  -2.5050e+00 -3.5325e-01  5.4571e-01        6.6
B_PC2            2.7571e-01   2.6988e-01 -2.0602e-02  2.0370e-02       13.5
B_PC3           -5.0664e-01  -4.4793e-01 -4.9190e-02  7.2510e-02        8.3
B_PC4            2.2625e-01   1.8952e-01 -4.5871e-02  3.7705e-02        5.4
G1430_peak       1.4273e+03   1.4271e+03 -3.1170e+00  3.0818e+00      458.5
G1430_std        3.4351e+01   3.4426e+01 -3.0457e+00  2.9746e+00       12.2
G1430_amp        5.0243e-02   4.9915e-02 -4.2661e-03  4.3025e-03       11.7
G1515_peak       1.5192e+03   1.5194e+03 -2.8161e+00  2.7561e+00      541.3
G1515_std        3.2414e+01   3.3066e+01 -2.7251e+00  3.0765e+00       11.6
G1515_amp        5.3060e-02   5.3347e-02 -3.7046e-03  3.6608e-03       14.4
H1635_mean       2.9968e-01   3.0020e-01 -3.1322e-03  3.0275e-03       97.9
H1635_PC1       -5.2546e-02  -5.4786e-02 -1.6592e-02  1.6393e-02        3.2
H1635_PC2        4.6798e-02   4.6141e-02 -1.8045e-02  1.7245e-02        2.7
m               -4.4487e-04  -3.6707e-04 -5.9917e-05  9.2727e-05        5.8
b                7.2126e-01   6.9786e-01 -2.7804e-02  1.8138e-02       31.3

  Best-parameter's chi-squared:        48.7939
  Best-parameter's -2*log(posterior):  49.7843
  Bayesian Information Criterion:     151.0377
  Reduced chi-squared:                  0.0841
  Standard deviation of residuals:  0.00286127

For a detailed summary with all parameter posterior statistics see
/Users/sarahshi/Documents/GitHub/PyIRoGlass/docs/examples/transmission_ftir/NPZTXTFILES/RESULTS/AC4_OL53_101220_256s_30x30_a_statistics.txt

Output sampler files:
  /Users/sarahshi/Documents/GitHub/PyIRoGlass/docs/examples/transmission_ftir/NPZTXTFILES/RESULTS/AC4_OL53_101220_256s_30x30_a_statistics.txt
  /Users/sarahshi/Documents/GitHub/PyIRoGlass/docs/examples/transmission_ftir/NPZTXTFILES/RESULTS/AC4_OL53_101220_256s_30x30_a.npz
  /Users/sarahshi/Documents/GitHub/PyIRoGlass/docs/examples/transmission_ftir/LOGFILES/RESULTS/AC4_OL53_101220_256s_30x30_a.log
