
::::::::::::::::::::::::::::::::::::::::::::::::::::::::::::::::::::::
  Multi-core Markov-chain Monte Carlo (mc3).
  Version 3.1.3.
  Copyright (c) 2015-2024 Patricio Cubillos and collaborators.
  mc3 is open-source software under the MIT license (see LICENSE).
::::::::::::::::::::::::::::::::::::::::::::::::::::::::::::::::::::::

Least-squares best-fitting parameters:
  [ 4.00000000e+00  7.61701691e-01 -4.43002865e-01 -3.78998965e-01
  1.78618397e-01  1.43145228e+03  3.10666647e+01  6.75782614e-02
  1.52297536e+03  3.53705383e+01  7.55599748e-02  1.73486515e-01
  7.66582550e-02 -2.79768984e-02 -2.32146681e-04  2.46235254e+00]

Start MCMC chains  (Mon Feb 26 23:15:25 2024)

[:         ]  10.0% completed  (Mon Feb 26 23:15:28 2024)
Out-of-bound Trials:
[19093     0     0    54    74     7    94   109    42  1330    92    22
     0     0     0     2]
Best Parameters: (chisq=1772.7011)
[ 4.00000000e+00  7.61701691e-01 -4.43002865e-01 -3.78998965e-01
  1.78618397e-01  1.43145228e+03  3.10666647e+01  6.75782614e-02
  1.52297536e+03  3.53705383e+01  7.55599748e-02  1.73486515e-01
  7.66582550e-02 -2.79768984e-02 -2.32146681e-04  2.46235254e+00]

[::        ]  20.0% completed  (Mon Feb 26 23:15:30 2024)
Out-of-bound Trials:
[35191     1     0   114   224    31   491   124   100  5696   105    26
     0     0     0     2]
Best Parameters: (chisq=1772.7011)
[ 4.00000000e+00  7.61701691e-01 -4.43002865e-01 -3.78998965e-01
  1.78618397e-01  1.43145228e+03  3.10666647e+01  6.75782614e-02
  1.52297536e+03  3.53705383e+01  7.55599748e-02  1.73486515e-01
  7.66582550e-02 -2.79768984e-02 -2.32146681e-04  2.46235254e+00]

[:::       ]  30.0% completed  (Mon Feb 26 23:15:33 2024)
Out-of-bound Trials:
[50731     1     0   163   380    69  1076   133   184 10726   108    26
     0     0     0     2]
Best Parameters: (chisq=1772.7011)
[ 4.00000000e+00  7.61701691e-01 -4.43002865e-01 -3.78998965e-01
  1.78618397e-01  1.43145228e+03  3.10666647e+01  6.75782614e-02
  1.52297536e+03  3.53705383e+01  7.55599748e-02  1.73486515e-01
  7.66582550e-02 -2.79768984e-02 -2.32146681e-04  2.46235254e+00]
Gelman-Rubin statistics for free parameters:
[1.01546035 1.00862648 1.01497395 1.01164114 1.00680852 1.00536214
 1.00190057 1.00410812 1.00188736 1.00881697 1.00721386 1.00754518
 1.0040592  1.0095593  1.01002339 1.00968503]

[::::      ]  40.0% completed  (Mon Feb 26 23:15:36 2024)
Out-of-bound Trials:
[66116     3     0   213   556   104  1768   140   287 15880   111    27
     0     0     0     2]
Best Parameters: (chisq=1772.7011)
[ 4.00000000e+00  7.61701691e-01 -4.43002865e-01 -3.78998965e-01
  1.78618397e-01  1.43145228e+03  3.10666647e+01  6.75782614e-02
  1.52297536e+03  3.53705383e+01  7.55599748e-02  1.73486515e-01
  7.66582550e-02 -2.79768984e-02 -2.32146681e-04  2.46235254e+00]
Gelman-Rubin statistics for free parameters:
[1.00781705 1.00718522 1.00312985 1.00542246 1.00215056 1.00293997
 1.0048039  1.00239916 1.00334896 1.00306524 1.00516903 1.00455872
 1.00130712 1.00124875 1.00866592 1.00790952]
All parameters converged to within 1% of unity.

[:::::     ]  50.0% completed  (Mon Feb 26 23:15:39 2024)
Out-of-bound Trials:
[81523     5     0   287   718   149  2414   147   378 20922   116    28
     0     0     0     3]
Best Parameters: (chisq=1772.7011)
[ 4.00000000e+00  7.61701691e-01 -4.43002865e-01 -3.78998965e-01
  1.78618397e-01  1.43145228e+03  3.10666647e+01  6.75782614e-02
  1.52297536e+03  3.53705383e+01  7.55599748e-02  1.73486515e-01
  7.66582550e-02 -2.79768984e-02 -2.32146681e-04  2.46235254e+00]
Gelman-Rubin statistics for free parameters:
[1.00378904 1.00298924 1.00116113 1.00293265 1.00239662 1.00072207
 1.00081328 1.00239007 1.00094895 1.00203331 1.00254787 1.00229325
 1.00046854 1.00125237 1.00336467 1.00296366]
All parameters converged to within 1% of unity.

[::::::    ]  60.0% completed  (Mon Feb 26 23:15:42 2024)
Out-of-bound Trials:
[96145     7     0   351   903   204  3173   153   460 26313   121    31
     0     0     0     3]
Best Parameters: (chisq=1772.7011)
[ 4.00000000e+00  7.61701691e-01 -4.43002865e-01 -3.78998965e-01
  1.78618397e-01  1.43145228e+03  3.10666647e+01  6.75782614e-02
  1.52297536e+03  3.53705383e+01  7.55599748e-02  1.73486515e-01
  7.66582550e-02 -2.79768984e-02 -2.32146681e-04  2.46235254e+00]
Gelman-Rubin statistics for free parameters:
[1.0027073  1.00225254 1.00121991 1.00231563 1.0014943  1.00054318
 1.00094979 1.00163839 1.0006375  1.00134543 1.00126139 1.00173127
 1.0005226  1.00092404 1.00242881 1.00232015]
All parameters converged to within 1% of unity.

All parameters satisfy the GR convergence threshold of 1.01, stopping
the MCMC.

MCMC Summary:
-------------
  Number of evaluated samples:        606540
  Number of parallel chains:               9
  Average iterations per chain:        67393
  Burned-in iterations per chain:      20000
  Thinning factor:                         5
  MCMC sample size (thinned, burned):  85308
  Acceptance rate:   20.09%

Parameter name     best fit   median      1sigma_low   1sigma_hi        S/N
--------------- -----------  -----------------------------------  ---------
B_mean           4.0000e+00   3.9957e+00 -7.2262e-03  3.2357e-03      642.7
B_PC1            7.6170e-01   7.0307e-01 -1.0176e-01  9.0427e-02        7.5
B_PC2           -4.4300e-01  -4.4225e-01 -1.9258e-02  1.9303e-02       22.9
B_PC3           -3.7900e-01  -3.8793e-01 -2.6695e-02  2.6980e-02       14.0
B_PC4            1.7862e-01   1.8413e-01 -2.2940e-02  2.4711e-02        7.5
G1430_peak       1.4315e+03   1.4315e+03 -2.1382e+00  2.4247e+00      624.1
G1430_std        3.1067e+01   3.1386e+01 -2.2715e+00  2.5696e+00       12.7
G1430_amp        6.7578e-02   6.7312e-02 -3.9727e-03  4.1737e-03       16.6
G1515_peak       1.5230e+03   1.5234e+03 -2.3362e+00  2.4167e+00      635.1
G1515_std        3.5371e+01   3.5662e+01 -2.6691e+00  2.5378e+00       14.5
G1515_amp        7.5560e-02   7.5148e-02 -3.3333e-03  3.3565e-03       22.6
H1635_mean       1.7349e-01   1.7323e-01 -3.0519e-03  3.0813e-03       56.8
H1635_PC1        7.6658e-02   7.8179e-02 -1.6735e-02  1.6613e-02        4.7
H1635_PC2       -2.7977e-02  -3.0890e-02 -2.2049e-02  2.1609e-02        1.3
m               -2.3215e-04  -2.4138e-04 -1.4988e-05  1.1906e-05       15.8
b                2.4624e+00   2.4654e+00 -6.2362e-03  6.5930e-03      373.4

  Best-parameter's chi-squared:       1771.5019
  Best-parameter's -2*log(posterior): 1772.7011
  Bayesian Information Criterion:     1873.7457
  Reduced chi-squared:                   3.0543
  Standard deviation of residuals:  0.0172404

For a detailed summary with all parameter posterior statistics see
/Users/sarahshi/Documents/GitHub/PyIRoGlass/docs/examples/transmission_ftir/NPZTXTFILES/RESULTS/STD_D1010_012821_256s_100x100_a_statistics.txt

Output sampler files:
  /Users/sarahshi/Documents/GitHub/PyIRoGlass/docs/examples/transmission_ftir/NPZTXTFILES/RESULTS/STD_D1010_012821_256s_100x100_a_statistics.txt
  /Users/sarahshi/Documents/GitHub/PyIRoGlass/docs/examples/transmission_ftir/NPZTXTFILES/RESULTS/STD_D1010_012821_256s_100x100_a.npz
  /Users/sarahshi/Documents/GitHub/PyIRoGlass/docs/examples/transmission_ftir/LOGFILES/RESULTS/STD_D1010_012821_256s_100x100_a.log
